acl
acpid
alsa-lib
alsa-utils
attr
bash
bc
busybox-utils
bzip2
ca-certificate
coreutils
cpio
cpupower
cryptsetup
dbus
dbus-glib
dhcpcd
dialog
e2fsprogs
ed
ethtool
eventlog
expat
fbset
fbv
fbvd
fcron
file
findutils
fuse
gawk
gdbm
gettext
glib
glibc
gmp
gpm
gptfdisk
grep
groff
grub
gzip
hdparm
iana-etc
inetutils
iproute2
iptables
iw
jfsutils
kbd
kmod
laptop-mode-tools
less
libarchive
libarchive2
libatasmart
libfetch
libffi
libgcrypt
libgpg-error
libidn
libnih
libnl
libnscd
libpipeline
libtirpc
libunistring
libusb
libusb-compat
libx86
Linux-PAM
logrotate
LVM2
man-db
man-pages
mc
mdadm
mdev
mingetty
mpc
mpfr
nano
ncurses
net-tools
ntfs-3g
openrc
openssl
os-prober
pacman
parted
pciutils
pcmciautils
pcre
popt
procps
psmisc
pwdutils
read-edid
readline
reiserfsprogs
sed
slang
sqlite
sudo
sysfsutils
syslog-ng
tar
tcp_wrappers
texinfo
udev
unionfs-fuse
upstart
usbutils
util-linux
v86d
vbetool
wget
which
wireless_tools
wpa_supplicant
xfsprogs
xz
zlib
pmount
autoconf
automake
binutils
bison
diffutils
flex
gcc
gperf
intltool
libtool
lua
m4
make
patch
perl
pkg-config
Python
Python3
tcl
kernel-tools
linux-firmware
linux-header
