alsa-lib 1.1.3 -> 1.1.4.1
alsa-utils 1.1.3 -> 1.1.4
audit 2.7.1 -> 2.7.7
botan 1.10.13 -> 1.10.16
btrfs-progs 4.10.2 -> 4.11
busybox 1.26.2 -> 1.27.2
cifs-utils 6.6 -> 6.7
cmake 3.7.2 -> 3.8.2
coreutils 8.26 -> 8.27
cryptsetup 1.7.4 -> 1.7.5
dbus 1.10.18 -> 1.10.22
dejavu 2.35 -> 2.37
dialog 1.2-20150125 -> 1.3-20170509
diffutils 3.5 -> 3.6
dnsmasq 2.76 -> 2.78
dosfstools 4.0 -> 4.1
ecryptfs-utils 109 -> 111
elfutils 0.166 -> 0.169
erlang 18.3 -> 19.3
exfat-utils 1.2.4 -> 1.2.6
exfat 1.2.4 -> 1.2.6
expat 2.2.0 -> 2.2.2
ffmpeg 3.3.1 -> 3.3.4
fftw 3.3.4 -> 3.3.6-pl2
file 5.30 -> 5.32
filemq 3dc89932903b0320853d87833aabc6f7e7781c49 -> 8940f34e0f1c8f25c1c693ed8db069f58fbc5ad0
flex 2.5.37 -> 2.6.4
freetype 2.7.1 -> 2.8
gauche 0.9.4 -> 0.9.5
gdbm 1.12 -> 1.13
gdk-pixbuf 2.36.6 -> 2.36.10
git 2.12.3 -> 2.13.6
gnutls 3.5.12 -> 3.5.14
grep 3.0 -> 3.1
hdparm 9.51 -> 9.52
heimdal 7.1.0 -> 7.4.0
joe 3.7 -> 4.4
jsoncpp 1.7.7 -> 1.8.1
kbd 2.0.3 -> 2.0.4
keyutils 1.5.9 -> 1.5.10
lftp 4.7.4 -> 4.8.0
libarchive 3.2.1 -> 3.3.2
libcurl 7.54.0 -> 7.56.0
libdrm 2.4.80 -> 2.4.82
libevdev 1.5.6 -> 1.5.7
libgcrypt 1.7.6 -> 1.7.9
libglib2 2.50.3 -> 2.52.2
libinput 1.7.0 -> 1.7.2
libnspr 4.14 -> 4.17
libnss 3.30.2 -> 3.33
libpng 1.6.29 -> 1.6.31
libssh 0.7.3 -> 0.7.5
libssh2 1.7.0 -> 1.8.0
libtasn1 4.9 -> 4.12
libtirpc 1.0.1 -> 1.0.2
libunwind 1.1 -> 1.2.1
libuv v1.11.0 -> v1.12.0
libxml2 2.9.4 -> 2.9.5
ltp-testsuite 20170116 -> 20170516
lua-ev v1.4 -> 339426fbe528f11cb3cd1af69a88f06bba367981
lvm2 2.02.170 -> 2.02.171
mcelog v111 -> v152
mono 4.6.2.16 -> 4.8.1.0
nano 2.8.1 -> 2.8.4
nasm 2.12.02 -> 2.13.01
nodejs 7.10.0 -> 8.2.1
openal 1.17.2 -> 1.18.0
openldap 2.4.44 -> 2.4.45
openssl 1.0.2k -> 1.0.2l
p7zip 15.14.1 -> 16.02
parted 3.1 -> 3.2
pciutils 3.5.2 -> 3.5.5
pcre 8.40 -> 8.41
perl 1.1.4 -> 1.1.6
protobuf 3.2.0 -> 3.3.0
psmisc 22.21 -> 23.1
python-attrs 16.3.0 -> 17.2.0
python-can 1.4.3 -> 1.5.2
python-certifi 2017.1.23 -> 2017.4.17
python-cffi 1.9.1 -> 1.10.0
python-chardet 2.3.0 -> 3.0.4
python-cherrypy 4.0.0 -> 10.2.2
python-coherence 0.6.6.2 -> b7856985fd496689ca1f9024925ae737297c00d1
python-dataproperty 0.18.1 -> 0.23.0
python-flask 0.12 -> 0.12.2
python-idna 2.2 -> 2.5
python-ipython 5.2.2 -> 5.4.0
python-markupsafe 0.23 -> 1.0
python-paramiko 2.1.1 -> 2.2.0
python-pathpy 10.0 -> 10.3.1
python-pathvalidate 0.15.0 -> 0.16.0
python-pillow 4.1.0 -> 4.1.1
python-pyicu 1.9.5 -> 1.9.7
python-pyparted v3.10.7 -> v3.11.0
python-pysocks 1.6.6 -> 1.6.7
python-pytablewriter 0.17.2 -> 0.19.9
python-requests 2.13.0 -> 2.18.1
python-service-identity 16.0.0 -> 17.0.0
python-setuptools 18.7.1 -> v36.0.1
python-sh 1.12.9 -> 1.12.14
python-simplejson 3.10.0 -> 3.11.1
python-txaio 2.5.1 -> 2.8.0
python-urllib3 1.20 -> 1.21.1
python-werkzeug 0.11.15 -> 0.12.2
python-zope-interface 4.3.3 -> 4.4.2
samba4 4.5.10 -> 4.6.8
sqlite 3180000 -> 3190300
sudo 1.8.19p2 -> 1.8.20p2
syslog-ng 3.9.1 -> 3.10.1
systemd 233 -> 234
tiff 4.0.7 -> 4.0.8
tslib 1.9 -> 1.11
unrar 5.4.5 -> 5.5.8
util-linux 2.30.1 -> 2.30.
webkitgtk 2.12.5 -> 2.18.1
xapp_xkbcomp 1.3.1 -> 1.4.0
xdriver_xf86-input-tslib 0.0.7 -> 1.0.0
xfsprogs 4.8.0 -> 4.11.0
xkeyboard-config 2.20 -> 2.21
xvisor 0.2.8 -> 0.2.9
